<?xml version="1.0" encoding="UTF-8" ?>
<testsuite failures="0" time="0.225" errors="0" skipped="0" tests="8" name="TestSuite">
  <properties>
[...]
</properties>
  <testcase time="0.005" classname="org.jboss.seam.ui.test.AtomicBooleanConverterTest" name="testGetAsObject"/>
  <testcase time="0.001" classname="org.jboss.seam.ui.test.AtomicBooleanConverterTest" name="testGetAsString"/>
  <testcase time="0.001" classname="org.jboss.seam.ui.test.AtomicIntegerConverterTest" name="testGetAsString"/>
  <testcase time="0" classname="org.jboss.seam.ui.test.AtomicIntegerConverterTest" name="testGetAsObject"/>
  <testcase time="0" classname="org.jboss.seam.ui.test.AtomicLongConverterTest" name="testGetAsString"/>
  <testcase time="0" classname="org.jboss.seam.ui.test.AtomicLongConverterTest" name="testGetAsObject"/>
  <testcase time="0.002" classname="org.jboss.seam.ui.test.UrlBuilderTest" name="testBaseUrlAlreadyHasParams"/>
  <testcase time="0" classname="org.jboss.seam.ui.test.UrlBuilderTest" name="testParameterOrdering"/>
</testsuite>