<testng-results>
  <reporter-output>
  </reporter-output>
  <suite name="Command line suite">
    <groups>
    </groups>
    <test name="Command line test">
      <class name="org.jboss.seam.ui.test.AtomicLongConverterTest">
        <test-method status="PASS" signature="testGetAsString()" name="testGetAsString" duration-ms="0" started-at="2011-02-17T13:20:33Z" finished-at="2011-02-17T13:20:33Z">
        </test-method>
        <test-method status="PASS" signature="testGetAsObject()" name="testGetAsObject" duration-ms="0" started-at="2011-02-17T13:20:33Z" finished-at="2011-02-17T13:20:33Z">
        </test-method>
      </class>
      <class name="org.jboss.seam.ui.test.UrlBuilderTest">
        <test-method status="PASS" signature="testParameterOrdering()" name="testParameterOrdering" duration-ms="0" started-at="2011-02-17T13:20:33Z" finished-at="2011-02-17T13:20:33Z">
        </test-method>
        <test-method status="PASS" signature="testBaseUrlAlreadyHasParams()" name="testBaseUrlAlreadyHasParams" duration-ms="2" started-at="2011-02-17T13:20:33Z" finished-at="2011-02-17T13:20:33Z">
        </test-method>
      </class>
      <class name="org.jboss.seam.ui.test.AtomicIntegerConverterTest">
        <test-method status="PASS" signature="testGetAsString()" name="testGetAsString" duration-ms="1" started-at="2011-02-17T13:20:33Z" finished-at="2011-02-17T13:20:33Z">
        </test-method>
        <test-method status="PASS" signature="testGetAsObject()" name="testGetAsObject" duration-ms="0" started-at="2011-02-17T13:20:33Z" finished-at="2011-02-17T13:20:33Z">
        </test-method>
      </class>
      <class name="org.jboss.seam.ui.test.AtomicBooleanConverterTest">
        <test-method status="PASS" signature="testGetAsString()" name="testGetAsString" duration-ms="1" started-at="2011-02-17T13:20:33Z" finished-at="2011-02-17T13:20:33Z">
        </test-method>
        <test-method status="PASS" signature="testGetAsObject()" name="testGetAsObject" duration-ms="4" started-at="2011-02-17T13:20:33Z" finished-at="2011-02-17T13:20:33Z">
        </test-method>
      </class>
    </test>
  </suite>
</testng-results>
